<?xml version="1.0" encoding="UTF-8"?>
<!-- Generated by org.testng.reporters.JUnitReportReporter -->
<testsuite hostname="DESKTOP-FV8MKA2" failures="0" tests="1" name="E_comm.E_Comm1" time="27.841" errors="0" timestamp="2024-10-20T15:30:58 IST" skipped="0">
  <testcase classname="E_comm.E_Comm1" name="FillForm" time="27.841"/>
</testsuite> <!-- E_comm.E_Comm1 -->
